2025-06-23 18:24:10 Loading main app package /usr/lib/obsidian/obsidian.asar
2025-06-23 18:24:11 Checking for update using Github
2025-06-23 18:24:11 Success.
2025-06-23 18:24:11 Latest version is 1.8.10
2025-06-23 18:24:11 App is up to date.
2025-06-24 08:01:07 Loading main app package /usr/lib/obsidian/obsidian.asar
2025-06-24 08:01:07 Checking for update using Github
2025-06-24 08:01:07 Success.
2025-06-24 08:01:07 Latest version is 1.8.10
2025-06-24 08:01:07 App is up to date.
2025-06-24 09:01:07 Checking for update using Github
2025-06-24 09:01:07 Success.
2025-06-24 09:01:07 Latest version is 1.8.10
2025-06-24 09:01:07 App is up to date.
2025-06-24 18:45:24 Loading main app package /usr/lib/obsidian/obsidian.asar
2025-06-24 18:45:25 Checking for update using Github
2025-06-24 18:45:25 Success.
2025-06-24 18:45:25 Latest version is 1.8.10
2025-06-24 18:45:25 App is up to date.
2025-06-25 16:50:23 Loading main app package /usr/lib/obsidian/obsidian.asar
2025-06-25 16:50:23 Checking for update using Github
2025-06-25 16:50:24 Success.
2025-06-25 16:50:24 Latest version is 1.8.10
2025-06-25 16:50:24 App is up to date.
2025-06-25 17:50:23 Checking for update using Github
2025-06-25 17:50:24 Success.
2025-06-25 17:50:24 Latest version is 1.8.10
2025-06-25 17:50:24 App is up to date.
2025-06-25 18:50:23 Checking for update using Github
2025-06-25 18:50:24 Success.
2025-06-25 18:50:24 Latest version is 1.8.10
2025-06-25 18:50:24 App is up to date.
2025-06-25 19:50:23 Checking for update using Github
2025-06-25 19:50:24 Success.
2025-06-25 19:50:24 Latest version is 1.8.10
2025-06-25 19:50:24 App is up to date.
